<?xml version="1.0" encoding="UTF-8"?>
<!-- Generated by org.testng.reporters.JUnitReportReporter -->
<testsuite hostname="ue-ThinkPad-L470" failures="0" tests="2" name="pom.test.Login_Testcase_Manager" time="26.397" errors="0" timestamp="2023-10-17T22:20:51 IST" skipped="0">
  <testcase classname="pom.test.Login_Testcase_Manager" name="btnTc" time="4.894"/>
  <testcase classname="pom.test.Login_Testcase_Manager" name="username_tc_01" time="21.503"/>
</testsuite> <!-- pom.test.Login_Testcase_Manager -->
