<?xml version="1.0" encoding="UTF-8"?>
<!-- Generated by org.testng.reporters.JUnitReportReporter -->
<testsuite hostname="ue-ThinkPad-L470" failures="0" tests="1" name="pom.test.AddSingleRecordManager" time="29.155" errors="0" timestamp="2023-10-17T22:20:51 IST" skipped="0">
  <testcase classname="pom.test.AddSingleRecordManager" name="AddRecord" time="29.155"/>
</testsuite> <!-- pom.test.AddSingleRecordManager -->
